{
  "RSpec": {
    "coverage": {
      "/home/ginagigo123/team-sec/Labook-api/spec/test_load_all.rb": {
        "lines": [
          null,
          null,
          null,
          null,
          1,
          1,
          null,
          1,
          null,
          1,
          1,
          1,
          null
        ]
      },
      "/home/ginagigo123/team-sec/Labook-api/require_app.rb": {
        "lines": [
          null,
          null,
          null,
          null,
          null,
          null,
          null,
          null,
          null,
          1,
          6,
          1,
          null,
          1,
          54,
          null,
          null
        ]
      },
      "/home/ginagigo123/team-sec/Labook-api/config/environments.rb": {
        "lines": [
          null,
          null,
          1,
          1,
          1,
          1,
          1,
          1,
          null,
          1,
          null,
          1,
          1,
          null,
          null,
          1,
          null,
          null,
          null,
          1,
          null,
          null,
          1,
          null,
          null,
          1,
          null,
          1,
          null,
          null,
          1,
          1,
          null,
          null,
          1,
          1,
          1,
          null,
          1,
          1,
          null,
          1,
          null,
          null,
          null
        ]
      },
      "/home/ginagigo123/team-sec/Labook-api/app/lib/secure_db.rb": {
        "lines": [
          null,
          null,
          1,
          null,
          null,
          1,
          1,
          null,
          null,
          1,
          14,
          null,
          14,
          14,
          null,
          null,
          null,
          1,
          40,
          null,
          14,
          14,
          null,
          null
        ]
      },
      "/home/ginagigo123/team-sec/Labook-api/app/lib/securable.rb": {
        "lines": [
          null,
          null,
          1,
          1,
          null,
          null,
          1,
          1,
          null,
          null,
          1,
          0,
          0,
          null,
          null,
          null,
          1,
          2,
          null,
          2,
          null,
          null,
          1,
          50,
          null,
          null,
          null,
          1,
          22,
          22,
          null,
          null,
          null,
          1,
          28,
          28,
          null,
          null
        ]
      },
      "/home/ginagigo123/team-sec/Labook-api/app/lib/auth_token.rb": {
        "lines": [
          null,
          null,
          1,
          1,
          null,
          null,
          null,
          null,
          null,
          null,
          1,
          1,
          null,
          1,
          1,
          1,
          1,
          1,
          null,
          1,
          1,
          null,
          null,
          1,
          14,
          14,
          14,
          14,
          null,
          0,
          null,
          null,
          null,
          1,
          6,
          null,
          0,
          null,
          null,
          null,
          1,
          null,
          null,
          1,
          6,
          null,
          null,
          1,
          null,
          null,
          1,
          8,
          8,
          null,
          null,
          1,
          8,
          null,
          null,
          null,
          1,
          8,
          null,
          8,
          8,
          8,
          null,
          null,
          null,
          1,
          14,
          null,
          14,
          14,
          14,
          null,
          0,
          null,
          null
        ]
      },
      "/home/ginagigo123/team-sec/Labook-api/app/lib/json_request_body.rb": {
        "lines": [
          null,
          null,
          null,
          1,
          1,
          1,
          null,
          null
        ]
      },
      "/home/ginagigo123/team-sec/Labook-api/app/lib/key_stretch.rb": {
        "lines": [
          null,
          null,
          1,
          1,
          null,
          null,
          1,
          1,
          62,
          null,
          null,
          1,
          76,
          76,
          76,
          null,
          76,
          null,
          null,
          null,
          null,
          null
        ]
      },
      "/home/ginagigo123/team-sec/Labook-api/app/lib/signed_request.rb": {
        "lines": [
          null,
          null,
          1,
          1,
          null,
          null,
          1,
          1,
          null,
          1,
          12,
          12,
          null,
          null,
          1,
          0,
          0,
          null,
          0,
          null,
          null,
          null,
          1,
          6,
          6,
          null,
          null,
          null,
          1,
          6,
          6,
          null,
          6,
          null,
          6,
          null,
          null,
          1,
          null,
          1,
          6,
          6,
          6,
          null,
          0,
          null,
          null
        ]
      },
      "/home/ginagigo123/team-sec/Labook-api/app/models/account.rb": {
        "lines": [
          null,
          null,
          1,
          1,
          1,
          1,
          null,
          1,
          null,
          1,
          null,
          1,
          null,
          null,
          null,
          null,
          1,
          null,
          null,
          null,
          null,
          null,
          1,
          null,
          null,
          null,
          null,
          null,
          1,
          null,
          null,
          null,
          null,
          null,
          1,
          null,
          null,
          null,
          null,
          null,
          1,
          null,
          null,
          null,
          null,
          1,
          null,
          null,
          null,
          null,
          null,
          null,
          null,
          1,
          1,
          1,
          null,
          null,
          null,
          1,
          null,
          1,
          0,
          null,
          null,
          1,
          59,
          null,
          null,
          1,
          12,
          12,
          null,
          null,
          1,
          26,
          null,
          null,
          1,
          0,
          null,
          null,
          null,
          null,
          null,
          null,
          null,
          null,
          1,
          12,
          null,
          null,
          null,
          1,
          null,
          12,
          null,
          null,
          null,
          null,
          null,
          null,
          null,
          null,
          null,
          null,
          null,
          null,
          null,
          null,
          null,
          null,
          1,
          11,
          null,
          null,
          null
        ]
      },
      "/home/ginagigo123/team-sec/Labook-api/app/models/password.rb": {
        "lines": [
          null,
          null,
          1,
          1,
          null,
          1,
          null,
          1,
          1,
          null,
          1,
          76,
          76,
          null,
          null,
          1,
          14,
          14,
          null,
          null,
          1,
          62,
          null,
          null,
          null,
          1,
          null,
          1,
          62,
          62,
          62,
          null,
          null,
          1,
          14,
          14,
          14,
          14,
          null,
          null,
          null
        ]
      },
      "/home/ginagigo123/team-sec/Labook-api/app/models/account_account.rb": {
        "lines": [
          null,
          null,
          1,
          1,
          1,
          null,
          1,
          null,
          1,
          1,
          null,
          null,
          1,
          null,
          1,
          1,
          null,
          1,
          1,
          null,
          null,
          null,
          1,
          1,
          null,
          null,
          null,
          null,
          null,
          null,
          null,
          null,
          null,
          null,
          null,
          null,
          null,
          null,
          null
        ]
      },
      "/home/ginagigo123/team-sec/Labook-api/app/models/account_comment.rb": {
        "lines": [
          null,
          null,
          1,
          1,
          1,
          null,
          1,
          null,
          1,
          1,
          null,
          null,
          1,
          null,
          1,
          null,
          null,
          1,
          0,
          null,
          null,
          null,
          null,
          null,
          null,
          null,
          null,
          null,
          null,
          null,
          null,
          null,
          null,
          null
        ]
      },
      "/home/ginagigo123/team-sec/Labook-api/app/models/account_comment_post.rb": {
        "lines": [
          null,
          null,
          1,
          1,
          1,
          null,
          1,
          null,
          1,
          1,
          null,
          null,
          1,
          1,
          1,
          null,
          null,
          null,
          1,
          0,
          null,
          null,
          null,
          null,
          null,
          null,
          null,
          null,
          null,
          null,
          null,
          null,
          null,
          null,
          null
        ]
      },
      "/home/ginagigo123/team-sec/Labook-api/app/models/account_lab.rb": {
        "lines": [
          null,
          null,
          1,
          1,
          1,
          null,
          1,
          null,
          1,
          1,
          1,
          null,
          1,
          1,
          null,
          null,
          1,
          0,
          null,
          null,
          null,
          null,
          null,
          null,
          null,
          null,
          null,
          null,
          null,
          null,
          null,
          null,
          null
        ]
      },
      "/home/ginagigo123/team-sec/Labook-api/app/models/account_post.rb": {
        "lines": [
          null,
          null,
          1,
          1,
          1,
          null,
          1,
          null,
          1,
          1,
          null,
          null,
          1,
          1,
          1,
          null,
          null,
          null,
          1,
          0,
          null,
          null,
          null,
          null,
          null,
          null,
          null,
          null,
          null,
          null,
          null,
          null,
          null,
          null,
          null
        ]
      },
      "/home/ginagigo123/team-sec/Labook-api/app/models/chat.rb": {
        "lines": [
          null,
          null,
          1,
          1,
          1,
          null,
          1,
          null,
          1,
          1,
          null,
          null,
          1,
          1,
          1,
          1,
          1,
          null,
          1,
          14,
          null,
          null,
          1,
          14,
          null,
          null,
          null,
          1,
          0,
          null,
          null,
          null,
          null,
          null,
          null,
          null,
          null,
          null,
          null,
          null,
          null,
          null,
          null
        ]
      },
      "/home/ginagigo123/team-sec/Labook-api/app/models/chatroom.rb": {
        "lines": [
          null,
          null,
          1,
          null,
          1,
          1,
          null,
          1,
          0,
          0,
          null,
          null,
          null
        ]
      },
      "/home/ginagigo123/team-sec/Labook-api/app/models/chatrooms.rb": {
        "lines": [
          null,
          null,
          1,
          null,
          1,
          1,
          0,
          0,
          null,
          0,
          0,
          null,
          0,
          null,
          null,
          null,
          null,
          0,
          0,
          0,
          null,
          0,
          null,
          null,
          null,
          null,
          null,
          1,
          0,
          null,
          null,
          null,
          0,
          null,
          null,
          null,
          null,
          0,
          0,
          0,
          null,
          0,
          0,
          null,
          null,
          0,
          null,
          null,
          0,
          null,
          null,
          1,
          0,
          null,
          null,
          1,
          0,
          null,
          null,
          null
        ]
      },
      "/home/ginagigo123/team-sec/Labook-api/app/models/comment.rb": {
        "lines": [
          null,
          null,
          1,
          1,
          1,
          null,
          1,
          null,
          1,
          1,
          null,
          null,
          1,
          null,
          null,
          null,
          null,
          1,
          1,
          1,
          1,
          1,
          null,
          1,
          0,
          null,
          null,
          1,
          0,
          null,
          null,
          null,
          1,
          null,
          0,
          null,
          null,
          null,
          null,
          null,
          null,
          null,
          null,
          null,
          null,
          null,
          null,
          1,
          0,
          null,
          null,
          null
        ]
      },
      "/home/ginagigo123/team-sec/Labook-api/app/models/comment_vote.rb": {
        "lines": [
          null,
          null,
          1,
          1,
          1,
          null,
          1,
          null,
          1,
          1,
          null,
          null,
          1,
          1,
          1,
          1,
          null,
          1,
          0,
          null,
          null,
          null,
          null,
          null,
          null,
          null,
          null,
          null,
          null,
          null
        ]
      },
      "/home/ginagigo123/team-sec/Labook-api/app/models/department.rb": {
        "lines": [
          null,
          null,
          1,
          1,
          null,
          1,
          null,
          1,
          1,
          1,
          null,
          1,
          null,
          1,
          1,
          1,
          null,
          null,
          1,
          0,
          null,
          null,
          null,
          null,
          null,
          null,
          null,
          null,
          null,
          null,
          null,
          null,
          null,
          null,
          null
        ]
      },
      "/home/ginagigo123/team-sec/Labook-api/app/models/lab.rb": {
        "lines": [
          null,
          null,
          1,
          1,
          null,
          1,
          null,
          1,
          1,
          null,
          null,
          1,
          null,
          null,
          null,
          null,
          1,
          null,
          null,
          1,
          1,
          1,
          1,
          null,
          null,
          null,
          1,
          10,
          null,
          null,
          1,
          1,
          null,
          null,
          1,
          10,
          null,
          null,
          1,
          1,
          null,
          null,
          null,
          1,
          10,
          null,
          null,
          null,
          null,
          null,
          null,
          null,
          null,
          null,
          null,
          null,
          null,
          null,
          null,
          null
        ]
      },
      "/home/ginagigo123/team-sec/Labook-api/app/models/line_account.rb": {
        "lines": [
          null,
          null,
          1,
          null,
          1,
          null,
          1,
          1,
          0,
          null,
          null,
          1,
          0,
          null,
          null,
          1,
          0,
          null,
          null,
          1,
          0,
          null,
          null,
          1,
          0,
          null,
          null,
          1,
          null,
          0,
          null,
          null,
          1,
          0,
          null,
          null,
          1,
          0,
          null,
          null,
          1,
          0,
          null,
          null,
          1,
          0,
          null,
          null,
          null
        ]
      },
      "/home/ginagigo123/team-sec/Labook-api/app/models/post.rb": {
        "lines": [
          null,
          null,
          1,
          1,
          1,
          null,
          1,
          null,
          1,
          1,
          null,
          null,
          1,
          null,
          null,
          null,
          null,
          null,
          1,
          null,
          null,
          null,
          null,
          1,
          1,
          1,
          1,
          1,
          null,
          null,
          null,
          1,
          6,
          null,
          null,
          1,
          0,
          null,
          null,
          null,
          1,
          null,
          0,
          null,
          null,
          null,
          null,
          null,
          null,
          null,
          null,
          null,
          null,
          null,
          null,
          null,
          null,
          null,
          null,
          null,
          1,
          6,
          null,
          null,
          null,
          null,
          null,
          null,
          null,
          null,
          null,
          null,
          null,
          null,
          null,
          null,
          null,
          null,
          null,
          null,
          null,
          null,
          1,
          6,
          null,
          null,
          null
        ]
      },
      "/home/ginagigo123/team-sec/Labook-api/app/models/post_vote.rb": {
        "lines": [
          null,
          null,
          1,
          1,
          1,
          null,
          1,
          null,
          1,
          1,
          null,
          null,
          1,
          1,
          1,
          1,
          1,
          null,
          1,
          0,
          null,
          null,
          null,
          null,
          null,
          null,
          null,
          null,
          null,
          null,
          null
        ]
      },
      "/home/ginagigo123/team-sec/Labook-api/app/models/school.rb": {
        "lines": [
          null,
          null,
          1,
          1,
          null,
          1,
          null,
          1,
          1,
          null,
          1,
          null,
          1,
          1,
          1,
          null,
          null,
          1,
          0,
          null,
          null,
          null,
          null,
          null,
          null,
          null,
          null,
          null,
          null,
          null,
          null,
          null,
          null
        ]
      },
      "/home/ginagigo123/team-sec/Labook-api/app/controllers/accounts.rb": {
        "lines": [
          null,
          null,
          1,
          1,
          null,
          1,
          null,
          1,
          1,
          9,
          null,
          null,
          9,
          2,
          2,
          2,
          2,
          2,
          2,
          1,
          null,
          1,
          1,
          1,
          null,
          1,
          1,
          null,
          0,
          0,
          null,
          null,
          null,
          null,
          7,
          1,
          null,
          null,
          6,
          2,
          2,
          2,
          null,
          2,
          null,
          2,
          1,
          null,
          1,
          null,
          0,
          0,
          null,
          null,
          null,
          4,
          null,
          4,
          2,
          2,
          2,
          null,
          2,
          null,
          1,
          null,
          0,
          0,
          null,
          1,
          1,
          null,
          null,
          null,
          null,
          2,
          2,
          2,
          null,
          2,
          2,
          null,
          2,
          2,
          null,
          1,
          null,
          1,
          1,
          null,
          null,
          null,
          null,
          null
        ]
      },
      "/home/ginagigo123/team-sec/Labook-api/app/controllers/app.rb": {
        "lines": [
          null,
          null,
          1,
          1,
          1,
          null,
          1,
          null,
          1,
          1,
          1,
          1,
          1,
          1,
          null,
          1,
          19,
          null,
          19,
          null,
          null,
          null,
          19,
          null,
          0,
          0,
          0,
          null,
          0,
          0,
          null,
          null,
          19,
          1,
          null,
          null,
          null,
          null,
          1,
          null,
          null,
          18,
          null,
          18,
          18,
          null,
          null,
          null,
          null
        ]
      },
      "/home/ginagigo123/team-sec/Labook-api/app/controllers/helpers.rb": {
        "lines": [
          null,
          null,
          1,
          null,
          1,
          1,
          19,
          null,
          null,
          1,
          19,
          null,
          6,
          6,
          6,
          null,
          null,
          null
        ]
      },
      "/home/ginagigo123/team-sec/Labook-api/app/controllers/auth.rb": {
        "lines": [
          null,
          null,
          1,
          1,
          null,
          1,
          null,
          1,
          1,
          null,
          null,
          2,
          null,
          0,
          null,
          null,
          2,
          null,
          2,
          2,
          1,
          null,
          1,
          1,
          null,
          null,
          null,
          0,
          null,
          0,
          0,
          null,
          0,
          0,
          null,
          0,
          null,
          0,
          null,
          0,
          0,
          null,
          null,
          null,
          null,
          0,
          0,
          null,
          0,
          0,
          null,
          0,
          0,
          null,
          0,
          0,
          0,
          null,
          null,
          null,
          0,
          0,
          null,
          0,
          0,
          null,
          0,
          0,
          0,
          null,
          null,
          null,
          null
        ]
      },
      "/home/ginagigo123/team-sec/Labook-api/app/controllers/chats.rb": {
        "lines": [
          null,
          null,
          1,
          1,
          null,
          1,
          null,
          1,
          1,
          0,
          null,
          0,
          null,
          0,
          0,
          0,
          0,
          null,
          0,
          null,
          null,
          0,
          null,
          0,
          0,
          null,
          0,
          null,
          null,
          null,
          0,
          0,
          0,
          null,
          0,
          null,
          0,
          null,
          0,
          0,
          null,
          null,
          null,
          0,
          null,
          0,
          0,
          0,
          null,
          0,
          0,
          null,
          null,
          null,
          null,
          null
        ]
      },
      "/home/ginagigo123/team-sec/Labook-api/app/controllers/comments.rb": {
        "lines": [
          null,
          null,
          1,
          1,
          null,
          1,
          null,
          1,
          1,
          0,
          null,
          null,
          0,
          0,
          0,
          null,
          0,
          0,
          0,
          null,
          0,
          0,
          null,
          0,
          0,
          null,
          null,
          null,
          null,
          null
        ]
      },
      "/home/ginagigo123/team-sec/Labook-api/app/controllers/labs.rb": {
        "lines": [
          null,
          null,
          1,
          1,
          null,
          1,
          null,
          1,
          1,
          7,
          null,
          7,
          4,
          1,
          null,
          null,
          null,
          null,
          null,
          null,
          null,
          null,
          null,
          null,
          null,
          null,
          null,
          null,
          null,
          null,
          null,
          null,
          null,
          null,
          null,
          null,
          null,
          null,
          null,
          null,
          null,
          null,
          null,
          null,
          null,
          null,
          null,
          1,
          1,
          1,
          null,
          0,
          null,
          null,
          null,
          0,
          0,
          null,
          0,
          0,
          0,
          null,
          0,
          0,
          0,
          null,
          0,
          0,
          null,
          0,
          0,
          null,
          null,
          null,
          null,
          null,
          3,
          3,
          3,
          null,
          2,
          null,
          null,
          null,
          null,
          null,
          3,
          1,
          1,
          null,
          0,
          null,
          null,
          null,
          2,
          2,
          2,
          null,
          1,
          1,
          1,
          null,
          1,
          1,
          null,
          0,
          0,
          null,
          null,
          null,
          null
        ]
      },
      "/home/ginagigo123/team-sec/Labook-api/app/controllers/posts.rb": {
        "lines": [
          null,
          null,
          1,
          1,
          null,
          1,
          null,
          1,
          1,
          0,
          null,
          0,
          0,
          null,
          0,
          0,
          null,
          0,
          0,
          null,
          null,
          0,
          null,
          0,
          0,
          null,
          0,
          0,
          0,
          null,
          0,
          0,
          null,
          0,
          0,
          null,
          null,
          null,
          0,
          0,
          null,
          0,
          0,
          null,
          null,
          0,
          null,
          0,
          0,
          null,
          null,
          null,
          0,
          0,
          null,
          0,
          null,
          null,
          null,
          null,
          0,
          0,
          0,
          null,
          0,
          null,
          null,
          null,
          null
        ]
      },
      "/home/ginagigo123/team-sec/Labook-api/app/services/authenticate_account.rb": {
        "lines": [
          null,
          null,
          1,
          null,
          1,
          null,
          1,
          1,
          3,
          3,
          null,
          null,
          1,
          1,
          null,
          null,
          null,
          1,
          11,
          11,
          10,
          null,
          8,
          null,
          null,
          1,
          null,
          8,
          null,
          null,
          null,
          null,
          null,
          null,
          null,
          null
        ]
      },
      "/home/ginagigo123/team-sec/Labook-api/app/services/authorize_line_notify_sso.rb": {
        "lines": [
          null,
          null,
          1,
          1,
          null,
          1,
          null,
          1,
          1,
          0,
          0,
          0,
          0,
          null,
          null,
          1,
          0,
          0,
          null,
          0,
          null,
          null,
          1,
          null,
          0,
          null,
          null,
          null,
          null,
          null,
          0,
          null,
          null,
          1,
          0,
          0,
          0,
          0,
          null,
          0,
          null,
          0,
          null,
          null,
          null,
          null,
          1,
          0,
          null,
          null,
          null,
          1,
          null,
          0,
          null,
          null,
          null,
          null,
          null,
          null,
          null
        ]
      },
      "/home/ginagigo123/team-sec/Labook-api/app/services/authorize_line_sso.rb": {
        "lines": [
          null,
          null,
          1,
          1,
          null,
          1,
          null,
          1,
          null,
          1,
          1,
          null,
          1,
          0,
          0,
          null,
          null,
          1,
          0,
          null,
          null,
          null,
          1,
          0,
          0,
          0,
          null,
          null,
          1,
          0,
          0,
          null,
          0,
          null,
          0,
          null,
          null,
          1,
          null,
          0,
          null,
          null,
          null,
          null,
          null,
          0,
          null,
          null,
          1,
          0,
          0,
          null,
          0,
          0,
          null,
          0,
          null,
          0,
          null,
          null,
          null,
          null,
          null,
          1,
          0,
          null,
          null,
          1,
          null,
          0,
          null,
          null,
          null,
          null,
          null,
          null,
          null,
          null
        ]
      },
      "/home/ginagigo123/team-sec/Labook-api/app/services/create_chat.rb": {
        "lines": [
          null,
          null,
          1,
          null,
          1,
          null,
          1,
          1,
          null,
          null,
          null,
          1,
          1,
          null,
          null,
          null,
          1,
          1,
          null,
          null,
          1,
          28,
          28,
          null,
          28,
          null,
          null,
          1,
          14,
          14,
          14,
          null,
          null,
          14,
          null,
          14,
          null,
          14,
          14,
          null,
          null,
          null
        ]
      },
      "/home/ginagigo123/team-sec/Labook-api/app/services/create_comment.rb": {
        "lines": [
          null,
          null,
          1,
          null,
          1,
          null,
          1,
          1,
          null,
          null,
          null,
          1,
          1,
          null,
          null,
          1,
          0,
          0,
          null,
          0,
          0,
          null,
          0,
          0,
          0,
          null,
          null,
          null,
          null
        ]
      },
      "/home/ginagigo123/team-sec/Labook-api/app/services/create_comment_vote.rb": {
        "lines": [
          null,
          null,
          1,
          null,
          1,
          null,
          1,
          1,
          null,
          null,
          null,
          1,
          1,
          null,
          null,
          1,
          0,
          0,
          null,
          0,
          null,
          null,
          1,
          0,
          0,
          null,
          0,
          null,
          null,
          null,
          null,
          1,
          0,
          0,
          null,
          0,
          null,
          0,
          0,
          0,
          0,
          null,
          null,
          0,
          0,
          null,
          null,
          0,
          null,
          null,
          null,
          null,
          null
        ]
      },
      "/home/ginagigo123/team-sec/Labook-api/app/services/create_post.rb": {
        "lines": [
          null,
          null,
          1,
          null,
          1,
          null,
          1,
          1,
          null,
          null,
          null,
          1,
          1,
          null,
          null,
          1,
          27,
          27,
          null,
          26,
          26,
          null,
          25,
          null,
          25,
          13,
          13,
          null,
          null,
          25,
          null,
          null,
          null
        ]
      },
      "/home/ginagigo123/team-sec/Labook-api/app/services/create_post_vote.rb": {
        "lines": [
          null,
          null,
          1,
          null,
          1,
          null,
          1,
          1,
          null,
          null,
          null,
          1,
          1,
          null,
          null,
          1,
          0,
          0,
          null,
          0,
          null,
          null,
          1,
          0,
          0,
          null,
          0,
          null,
          null,
          null,
          null,
          1,
          0,
          0,
          null,
          0,
          null,
          0,
          0,
          0,
          0,
          null,
          null,
          0,
          0,
          null,
          null,
          0,
          null,
          null,
          null,
          null,
          null
        ]
      },
      "/home/ginagigo123/team-sec/Labook-api/app/services/fetch_all_chatroom_for_account.rb": {
        "lines": [
          null,
          null,
          1,
          null,
          1,
          1,
          0,
          null,
          0,
          null,
          null,
          null
        ]
      },
      "/home/ginagigo123/team-sec/Labook-api/app/services/fetch_labs.rb": {
        "lines": [
          null,
          null,
          1,
          null,
          1,
          1,
          1,
          1,
          1,
          1,
          null,
          1,
          null,
          1,
          null,
          null,
          null
        ]
      },
      "/home/ginagigo123/team-sec/Labook-api/app/services/fetch_messages_for_chatroom.rb": {
        "lines": [
          null,
          null,
          1,
          null,
          1,
          null,
          1,
          1,
          null,
          null,
          null,
          1,
          1,
          null,
          null,
          null,
          null,
          1,
          0,
          0,
          0,
          null,
          0,
          null,
          0,
          null,
          null,
          0,
          0,
          0,
          null,
          0,
          0,
          null,
          null,
          null,
          null,
          null
        ]
      },
      "/home/ginagigo123/team-sec/Labook-api/app/services/find_or_create_chatroom.rb": {
        "lines": [
          null,
          null,
          1,
          null,
          1,
          null,
          1,
          1,
          null,
          null,
          1,
          16,
          null,
          15,
          15,
          null,
          null,
          15,
          null,
          15,
          15,
          15,
          null,
          null,
          null,
          15,
          null,
          null,
          null
        ]
      },
      "/home/ginagigo123/team-sec/Labook-api/app/services/find_or_create_lab.rb": {
        "lines": [
          null,
          null,
          1,
          null,
          1,
          null,
          1,
          1,
          null,
          1,
          2,
          null,
          null,
          null,
          null,
          null,
          1,
          2,
          2,
          null,
          2,
          1,
          null,
          1,
          null,
          null,
          null
        ]
      },
      "/home/ginagigo123/team-sec/Labook-api/app/services/find_posts_for_account.rb": {
        "lines": [
          null,
          null,
          1,
          null,
          1,
          null,
          1,
          1,
          null,
          null,
          1,
          0,
          0,
          null,
          0,
          null,
          null,
          null
        ]
      },
      "/home/ginagigo123/team-sec/Labook-api/app/services/find_posts_for_lab.rb": {
        "lines": [
          null,
          null,
          1,
          null,
          1,
          null,
          1,
          1,
          null,
          null,
          1,
          1,
          1,
          null,
          null,
          1,
          null,
          null,
          null
        ]
      },
      "/home/ginagigo123/team-sec/Labook-api/app/services/find_single_post_with_policies.rb": {
        "lines": [
          null,
          null,
          1,
          null,
          1,
          1,
          0,
          0,
          null,
          0,
          null,
          0,
          0,
          null,
          0,
          0,
          null,
          null,
          0,
          null,
          0,
          null,
          0,
          null,
          null,
          null,
          null,
          0,
          0,
          null,
          null,
          0,
          null,
          0,
          null,
          0,
          0,
          0,
          null,
          null,
          null
        ]
      },
      "/home/ginagigo123/team-sec/Labook-api/app/services/find_votes_for_account.rb": {
        "lines": [
          null,
          null,
          1,
          null,
          1,
          null,
          1,
          1,
          null,
          null,
          1,
          0,
          0,
          null,
          0,
          null,
          null,
          null
        ]
      },
      "/home/ginagigo123/team-sec/Labook-api/app/services/send_notification_to_receiver.rb": {
        "lines": [
          null,
          null,
          1,
          1,
          null,
          1,
          null,
          1,
          null,
          1,
          1,
          0,
          null,
          null,
          null,
          1,
          14,
          null,
          0,
          0,
          null,
          0,
          null,
          null,
          0,
          0,
          0,
          null,
          0,
          null,
          0,
          null,
          null,
          null
        ]
      },
      "/home/ginagigo123/team-sec/Labook-api/app/services/update_account_setting.rb": {
        "lines": [
          null,
          null,
          1,
          null,
          1,
          null,
          1,
          1,
          0,
          null,
          null,
          null,
          1,
          2,
          2,
          null,
          1,
          null,
          null,
          null
        ]
      },
      "/home/ginagigo123/team-sec/Labook-api/app/services/verify_registration.rb": {
        "lines": [
          null,
          null,
          1,
          null,
          1,
          null,
          null,
          null,
          1,
          null,
          1,
          1,
          null,
          1,
          0,
          null,
          null,
          1,
          1,
          1,
          null,
          1,
          0,
          0,
          null,
          0,
          null,
          null,
          1,
          0,
          null,
          null,
          1,
          0,
          null,
          null,
          1,
          0,
          null,
          null,
          null,
          null,
          null,
          null,
          null,
          1,
          null,
          0,
          null,
          null,
          null,
          null,
          null,
          null,
          null,
          null,
          null,
          null,
          null,
          1,
          0,
          null,
          0,
          null,
          0,
          null,
          0,
          null,
          null,
          null,
          null
        ]
      },
      "/home/ginagigo123/team-sec/Labook-api/app/policies/account_policy.rb": {
        "lines": [
          null,
          null,
          1,
          null,
          1,
          1,
          2,
          2,
          null,
          null,
          1,
          3,
          null,
          null,
          1,
          1,
          null,
          null,
          1,
          1,
          null,
          null,
          1,
          1,
          null,
          null,
          1,
          null,
          1,
          null,
          null,
          null,
          null,
          null,
          null,
          1,
          null,
          1,
          5,
          null,
          null,
          1,
          3,
          null,
          null,
          1,
          1,
          null,
          null,
          null
        ]
      },
      "/home/ginagigo123/team-sec/Labook-api/spec/integration/api_auth_spec.rb": {
        "lines": [
          null,
          null,
          1,
          null,
          1,
          1,
          null,
          1,
          2,
          2,
          null,
          null,
          1,
          1,
          2,
          2,
          null,
          null,
          1,
          1,
          null,
          1,
          null,
          null,
          null,
          1,
          1,
          1,
          1,
          1,
          1,
          1,
          1,
          1,
          1,
          1,
          1,
          1,
          null,
          null,
          1,
          1,
          null,
          null,
          1,
          null,
          null,
          null,
          1,
          null,
          1,
          1,
          1,
          null,
          null,
          null,
          1,
          null,
          null,
          null
        ]
      },
      "/home/ginagigo123/team-sec/Labook-api/spec/integration/api_labs_spec.rb": {
        "lines": [
          null,
          null,
          1,
          1,
          1,
          null,
          1,
          6,
          6,
          null,
          6,
          6,
          null,
          null,
          6,
          6,
          null,
          null,
          1,
          1,
          1,
          1,
          null,
          1,
          1,
          null,
          1,
          1,
          null,
          null,
          1,
          1,
          1,
          1,
          null,
          1,
          1,
          null,
          1,
          1,
          1,
          1,
          1,
          1,
          null,
          null,
          1,
          1,
          null,
          1,
          null,
          null,
          1,
          1,
          1,
          1,
          1,
          null,
          null,
          1,
          1,
          null,
          null,
          null,
          1,
          1,
          2,
          null,
          null,
          1,
          1,
          null,
          null,
          1,
          1,
          null,
          1,
          1,
          null,
          1,
          1,
          1,
          1,
          1,
          null,
          null,
          1,
          1,
          1,
          1,
          null,
          null,
          null,
          1,
          1,
          null,
          null,
          null
        ]
      },
      "/home/ginagigo123/team-sec/Labook-api/spec/integration/api_posts_spec.rb": {
        "lines": [
          null,
          null,
          1,
          null,
          1,
          1,
          null,
          1,
          1,
          1,
          1,
          null,
          null,
          1,
          1,
          null,
          null,
          1,
          2,
          null,
          null,
          1,
          4,
          null,
          null,
          null,
          1,
          1,
          12,
          12,
          12,
          12,
          12,
          null,
          null,
          null,
          1,
          1,
          1,
          null,
          1,
          1,
          null,
          null,
          null,
          null,
          null,
          null,
          null,
          null,
          null,
          null,
          null,
          null,
          null,
          null,
          null,
          null,
          null,
          null,
          null,
          null,
          null,
          null,
          null,
          null,
          null,
          null,
          null,
          null,
          null,
          1,
          1,
          0,
          0,
          0,
          null,
          null,
          null,
          null,
          null,
          null,
          null,
          null,
          null,
          null,
          null,
          null,
          null,
          null,
          null,
          null,
          null,
          null,
          null,
          null,
          null,
          null,
          null,
          null,
          null,
          null,
          null,
          null,
          null
        ]
      },
      "/home/ginagigo123/team-sec/Labook-api/spec/integration/api_spec.rb": {
        "lines": [
          null,
          null,
          1,
          null,
          1,
          1,
          1,
          1,
          1,
          null,
          null,
          null
        ]
      },
      "/home/ginagigo123/team-sec/Labook-api/spec/integration/create_post_spec.rb": {
        "lines": [
          null,
          null,
          1,
          null,
          1,
          1,
          3,
          null,
          3,
          12,
          null,
          null,
          3,
          3,
          null,
          null,
          3,
          3,
          null,
          null,
          3,
          6,
          null,
          null,
          3,
          3,
          3,
          3,
          3,
          3,
          null,
          null,
          1,
          1,
          null,
          null,
          null,
          null,
          null,
          1,
          1,
          null,
          null,
          1,
          1,
          1,
          null,
          null,
          null,
          null,
          null,
          null,
          null,
          1,
          1,
          1,
          null,
          null,
          null,
          null,
          null,
          null,
          null
        ]
      },
      "/home/ginagigo123/team-sec/Labook-api/spec/integration/service_authenticate_account_spec.rb": {
        "lines": [
          null,
          null,
          1,
          null,
          1,
          1,
          3,
          null,
          3,
          12,
          null,
          null,
          null,
          1,
          1,
          1,
          null,
          null,
          1,
          null,
          null,
          1,
          1,
          1,
          1,
          null,
          null,
          null,
          null,
          null,
          1,
          1,
          1,
          null,
          null,
          null,
          null,
          null
        ]
      },
      "/home/ginagigo123/team-sec/Labook-api/spec/unit/chats_spec.rb": {
        "lines": [
          null,
          null,
          1,
          null,
          1,
          1,
          null,
          1,
          2,
          null,
          2,
          8,
          null,
          null,
          null,
          1,
          1,
          7,
          null,
          null,
          null,
          null,
          null,
          7,
          7,
          7,
          null,
          null,
          7,
          7,
          7,
          null,
          null,
          null,
          1,
          1,
          7,
          null,
          null,
          null,
          null,
          null,
          7,
          7,
          null,
          null,
          null
        ]
      },
      "/home/ginagigo123/team-sec/Labook-api/spec/unit/json_symbolize_spec.rb": {
        "lines": [
          null,
          null,
          1,
          null,
          1,
          1,
          1,
          1,
          null,
          1,
          1,
          null,
          null
        ]
      },
      "/home/ginagigo123/team-sec/Labook-api/spec/unit/passwords_spec.rb": {
        "lines": [
          null,
          null,
          1,
          null,
          1,
          1,
          1,
          1,
          null,
          1,
          null,
          null,
          1,
          1,
          1,
          null,
          1,
          1,
          null,
          null,
          1,
          1,
          1,
          1,
          null,
          1,
          1,
          null,
          null
        ]
      },
      "/home/ginagigo123/team-sec/Labook-api/spec/unit/posts_spec.rb": {
        "lines": [
          null,
          null,
          1,
          null,
          1,
          1,
          null,
          1,
          1,
          null,
          1,
          4,
          null,
          null,
          1,
          1,
          null,
          null,
          1,
          1,
          null,
          null,
          1,
          2,
          null,
          null,
          null,
          1,
          1,
          12,
          12,
          12,
          12,
          null,
          12,
          null,
          null,
          null,
          null,
          null,
          12,
          12,
          12,
          12,
          null,
          null,
          null
        ]
      }
    },
    "timestamp": 1655551533
  }
}
